TN:
SF:src/components/CustomButton.tsx
FN:10,(anonymous_0)
FNF:1
FNH:1
FNDA:5,(anonymous_0)
DA:10,3
DA:11,5
DA:18,3
LF:3
LH:3
BRF:0
BRH:0
end_of_record
TN:
SF:src/components/CustomInput.tsx
FN:19,(anonymous_0)
FNF:1
FNH:1
FNDA:8,(anonymous_0)
DA:19,3
DA:26,8
DA:41,3
LF:3
LH:3
BRF:0
BRH:0
end_of_record
TN:
SF:src/components/index.ts
FNF:0
FNH:0
LF:0
LH:0
BRF:0
BRH:0
end_of_record
TN:
SF:src/screens/index.ts
FNF:0
FNH:0
LF:0
LH:0
BRF:0
BRH:0
end_of_record
TN:
SF:src/screens/DisplayScreen/index.tsx
FN:12,(anonymous_0)
FN:13,(anonymous_1)
FN:26,(anonymous_2)
FNF:3
FNH:3
FNDA:2,(anonymous_0)
FNDA:5,(anonymous_1)
FNDA:6,(anonymous_2)
DA:12,3
DA:13,5
DA:15,2
DA:17,2
DA:23,2
DA:27,6
DA:41,3
LF:7
LH:7
BRDA:31,0,0,6
BRDA:31,0,1,3
BRF:2
BRH:2
end_of_record
TN:
SF:src/screens/NameScreen/index.tsx
FN:10,(anonymous_0)
FN:12,(anonymous_1)
FN:15,(anonymous_2)
FN:18,(anonymous_3)
FN:27,(anonymous_4)
FN:38,(anonymous_5)
FNF:6
FNH:6
FNDA:3,(anonymous_0)
FNDA:5,(anonymous_1)
FNDA:1,(anonymous_2)
FNDA:1,(anonymous_3)
FNDA:1,(anonymous_4)
FNDA:6,(anonymous_5)
DA:10,3
DA:11,3
DA:12,5
DA:13,3
DA:15,3
DA:16,1
DA:18,3
DA:19,1
DA:22,3
DA:27,3
DA:28,1
DA:31,3
DA:39,6
LF:13
LH:13
BRF:0
BRH:0
end_of_record
TN:
SF:src/screens/ZipScreen/index.tsx
FN:10,(anonymous_0)
FN:12,(anonymous_1)
FN:15,(anonymous_2)
FN:19,(anonymous_3)
FNF:4
FNH:4
FNDA:2,(anonymous_0)
FNDA:3,(anonymous_1)
FNDA:1,(anonymous_2)
FNDA:1,(anonymous_3)
DA:10,3
DA:11,2
DA:12,3
DA:13,2
DA:15,2
DA:16,1
DA:19,2
DA:20,1
DA:23,2
LF:9
LH:9
BRF:0
BRH:0
end_of_record
TN:
SF:src/store/store.ts
FNF:0
FNH:0
DA:4,3
LF:1
LH:1
BRF:0
BRH:0
end_of_record
TN:
SF:src/store/actions/action.ts
FN:3,(anonymous_0)
FN:8,(anonymous_1)
FN:13,(anonymous_2)
FNF:3
FNH:3
FNDA:2,(anonymous_0)
FNDA:2,(anonymous_1)
FNDA:2,(anonymous_2)
DA:3,3
DA:8,3
DA:13,3
LF:3
LH:3
BRF:0
BRH:0
end_of_record
TN:
SF:src/store/reducer/reducer.ts
FN:21,(anonymous_0)
FNF:1
FNH:1
FNDA:9,(anonymous_0)
DA:11,3
DA:21,3
DA:22,9
DA:24,2
DA:29,2
DA:34,2
DA:40,3
LF:7
LH:7
BRDA:21,0,0,3
BRDA:22,1,0,2
BRDA:22,1,1,2
BRDA:22,1,2,2
BRDA:22,1,3,3
BRF:5
BRH:5
end_of_record
TN:
SF:src/store/types/actionTypes.ts
FNF:0
FNH:0
DA:1,3
DA:2,3
DA:3,3
LF:3
LH:3
BRF:0
BRH:0
end_of_record
TN:
SF:src/styles/baseStyles.ts
FNF:0
FNH:0
DA:3,3
DA:8,3
DA:19,3
DA:24,3
LF:4
LH:4
BRDA:20,0,0,3
BRDA:20,0,1,0
BRDA:21,1,0,3
BRDA:21,1,1,0
BRF:4
BRH:2
end_of_record
TN:
SF:src/testUtils/StoreWrapper.tsx
FN:14,(anonymous_0)
FNF:1
FNH:1
FNDA:3,(anonymous_0)
DA:12,3
DA:14,3
DA:15,3
LF:3
LH:3
BRF:0
BRH:0
end_of_record
TN:
SF:src/utils/hooks.ts
FN:5,(anonymous_0)
FNF:1
FNH:1
FNDA:6,(anonymous_0)
DA:5,6
DA:6,3
LF:2
LH:2
BRF:0
BRH:0
end_of_record
